TN:
SF:src/constants/Constants.js
FN:22,getFileContent
FN:43,(anonymous_1)
FN:44,(anonymous_2)
FN:44,(anonymous_3)
FN:45,(anonymous_4)
FN:46,(anonymous_5)
FNF:6
FNH:2
FNDA:2,getFileContent
FNDA:0,(anonymous_1)
FNDA:0,(anonymous_2)
FNDA:0,(anonymous_3)
FNDA:0,(anonymous_4)
FNDA:2,(anonymous_5)
DA:18,1
DA:19,1
DA:20,1
DA:23,2
DA:24,0
DA:26,2
DA:29,1
DA:30,0
DA:42,1
DA:43,0
DA:44,0
DA:45,0
DA:46,2
DA:49,1
DA:51,1
DA:52,0
DA:59,1
DA:60,1
DA:70,1
DA:74,1
DA:75,0
DA:76,0
DA:79,1
LF:23
LH:15
BRDA:23,0,0,0
BRDA:23,0,1,2
BRDA:29,1,0,0
BRDA:29,1,1,1
BRDA:51,2,0,0
BRDA:51,2,1,1
BRDA:59,3,0,1
BRDA:59,3,1,0
BRDA:74,4,0,0
BRDA:74,4,1,1
BRF:10
BRH:5
end_of_record
TN:
SF:src/db/database.js
FN:40,(anonymous_0)
FN:44,(anonymous_1)
FN:45,(anonymous_2)
FN:52,(anonymous_3)
FNF:4
FNH:2
FNDA:0,(anonymous_0)
FNDA:1,(anonymous_1)
FNDA:1,(anonymous_2)
FNDA:0,(anonymous_3)
DA:18,1
DA:19,1
DA:21,1
DA:38,1
DA:40,1
DA:41,0
DA:44,1
DA:45,1
DA:46,1
DA:47,1
DA:48,1
DA:52,0
DA:63,1
LF:13
LH:11
BRF:0
BRH:0
end_of_record
TN:
SF:src/errors/BadRequestError.js
FN:24,(anonymous_0)
FNF:1
FNH:1
FNDA:1,(anonymous_0)
DA:20,1
DA:21,1
DA:25,1
DA:26,1
DA:30,1
LF:5
LH:5
BRF:0
BRH:0
end_of_record
TN:
SF:src/errors/BaseError.js
FN:21,(anonymous_0)
FNF:1
FNH:1
FNDA:99,(anonymous_0)
DA:22,99
DA:23,99
DA:24,99
DA:25,99
DA:30,99
DA:32,99
DA:33,99
DA:38,1
LF:8
LH:8
BRDA:21,0,0,8
BRDA:32,1,0,99
BRDA:32,1,1,0
BRF:3
BRH:2
end_of_record
TN:
SF:src/errors/ErrorCategory.js
FN:45,(anonymous_0)
FNF:1
FNH:1
FNDA:13,(anonymous_0)
DA:20,1
DA:21,1
DA:22,1
DA:23,1
DA:24,1
DA:25,1
DA:26,1
DA:27,1
DA:28,1
DA:29,1
DA:30,1
DA:32,1
DA:46,13
DA:47,1
DA:48,1
DA:49,1
DA:50,1
DA:51,1
DA:52,1
DA:53,1
DA:54,1
DA:55,1
DA:56,1
DA:57,1
DA:58,2
LF:25
LH:25
BRDA:46,0,0,1
BRDA:46,0,1,1
BRDA:46,0,2,1
BRDA:46,0,3,1
BRDA:46,0,4,1
BRDA:46,0,5,1
BRDA:46,0,6,1
BRDA:46,0,7,1
BRDA:46,0,8,1
BRDA:46,0,9,1
BRDA:46,0,10,1
BRDA:46,0,11,2
BRF:12
BRH:12
end_of_record
TN:
SF:src/errors/ExternalProcessError.js
FN:24,(anonymous_0)
FNF:1
FNH:1
FNDA:5,(anonymous_0)
DA:20,1
DA:21,1
DA:25,5
DA:26,5
DA:27,5
DA:31,1
LF:6
LH:6
BRF:0
BRH:0
end_of_record
TN:
SF:src/errors/InternalError.js
FN:24,(anonymous_0)
FNF:1
FNH:1
FNDA:15,(anonymous_0)
DA:20,1
DA:21,1
DA:25,15
DA:29,1
LF:4
LH:4
BRF:0
BRH:0
end_of_record
TN:
SF:src/errors/InvalidEntityError.js
FN:24,(anonymous_0)
FNF:1
FNH:1
FNDA:7,(anonymous_0)
DA:20,1
DA:21,1
DA:25,7
DA:26,7
DA:30,1
LF:5
LH:5
BRF:0
BRH:0
end_of_record
TN:
SF:src/errors/NotFoundError.js
FN:24,(anonymous_0)
FNF:1
FNH:1
FNDA:39,(anonymous_0)
DA:20,1
DA:21,1
DA:25,39
DA:29,1
LF:4
LH:4
BRF:0
BRH:0
end_of_record
TN:
SF:src/errors/UnauthorizedError.js
FN:24,(anonymous_0)
FNF:1
FNH:1
FNDA:10,(anonymous_0)
DA:20,1
DA:21,1
DA:25,10
DA:26,10
DA:30,1
LF:5
LH:5
BRF:0
BRH:0
end_of_record
TN:
SF:src/errors/ValidationError.js
FN:24,(anonymous_0)
FNF:1
FNH:1
FNDA:22,(anonymous_0)
DA:20,1
DA:21,1
DA:25,22
DA:26,22
DA:30,1
LF:5
LH:5
BRF:0
BRH:0
end_of_record
TN:
SF:src/models/BaseCrudModel.js
FN:23,(anonymous_0)
FN:30,(anonymous_1)
FN:34,(anonymous_2)
FN:52,(anonymous_3)
FN:61,(anonymous_4)
FN:72,(anonymous_5)
FN:88,(anonymous_6)
FNF:7
FNH:7
FNDA:3,(anonymous_0)
FNDA:1,(anonymous_1)
FNDA:6,(anonymous_2)
FNDA:7,(anonymous_3)
FNDA:1,(anonymous_4)
FNDA:2,(anonymous_5)
FNDA:2,(anonymous_6)
DA:18,1
DA:19,1
DA:20,1
DA:22,1
DA:24,3
DA:25,1
DA:27,2
DA:31,1
DA:35,6
DA:36,6
DA:37,3
DA:38,3
DA:39,3
DA:40,3
DA:42,0
DA:53,7
DA:54,7
DA:55,7
DA:57,0
DA:62,1
DA:73,2
DA:74,2
DA:75,0
DA:76,2
DA:77,2
DA:78,0
DA:89,2
DA:90,1
DA:91,1
DA:93,1
DA:94,1
DA:95,0
DA:96,1
DA:97,1
DA:99,0
LF:35
LH:29
BRDA:24,0,0,1
BRDA:24,0,1,2
BRDA:36,1,0,3
BRDA:36,1,1,3
BRDA:38,2,0,3
BRDA:38,2,1,0
BRDA:54,3,0,7
BRDA:54,3,1,0
BRDA:74,4,0,0
BRDA:74,4,1,2
BRDA:76,5,0,2
BRDA:76,5,1,0
BRDA:89,6,0,1
BRDA:89,6,1,1
BRDA:94,7,0,0
BRDA:94,7,1,1
BRDA:96,8,0,1
BRDA:96,8,1,0
BRF:18
BRH:12
end_of_record
TN:
SF:src/models/CAType.js
FNF:0
FNH:0
DA:18,1
LF:1
LH:1
BRF:0
BRH:0
end_of_record
TN:
SF:src/models/DFSPEndpointItemModel.js
FN:25,(anonymous_0)
FN:40,(anonymous_1)
FN:54,(anonymous_2)
FN:59,(anonymous_3)
FN:64,(anonymous_4)
FN:68,(anonymous_5)
FN:80,(anonymous_6)
FN:87,(anonymous_7)
FN:92,(anonymous_8)
FN:99,(anonymous_9)
FN:105,(anonymous_10)
FN:112,(anonymous_11)
FN:119,(anonymous_12)
FN:126,(anonymous_13)
FN:132,(anonymous_14)
FN:135,(anonymous_15)
FNF:16
FNH:15
FNDA:34,(anonymous_0)
FNDA:65,(anonymous_1)
FNDA:32,(anonymous_2)
FNDA:1,(anonymous_3)
FNDA:2,(anonymous_4)
FNDA:25,(anonymous_5)
FNDA:2,(anonymous_6)
FNDA:5,(anonymous_7)
FNDA:6,(anonymous_8)
FNDA:4,(anonymous_9)
FNDA:2,(anonymous_10)
FNDA:13,(anonymous_11)
FNDA:24,(anonymous_12)
FNDA:1,(anonymous_13)
FNDA:0,(anonymous_14)
FNDA:3,(anonymous_15)
DA:19,1
DA:20,1
DA:21,1
DA:22,1
DA:23,1
DA:25,1
DA:26,34
DA:27,24
DA:29,34
DA:30,34
DA:31,2
DA:32,32
DA:33,31
DA:34,31
DA:36,1
DA:40,1
DA:41,65
DA:42,65
DA:43,65
DA:44,65
DA:45,65
DA:54,1
DA:55,32
DA:56,31
DA:59,1
DA:60,1
DA:61,1
DA:64,2
DA:65,1
DA:68,1
DA:69,25
DA:70,25
DA:77,25
DA:80,1
DA:81,2
DA:87,1
DA:88,5
DA:92,6
DA:93,5
DA:99,1
DA:100,4
DA:101,3
DA:105,2
DA:106,2
DA:112,1
DA:113,13
DA:114,13
DA:119,24
DA:120,12
DA:126,1
DA:127,1
DA:132,0
DA:135,1
DA:136,3
DA:137,3
DA:138,3
DA:139,3
DA:140,0
LF:58
LH:56
BRDA:26,0,0,24
BRDA:26,0,1,10
BRDA:26,1,0,34
BRDA:26,1,1,24
BRDA:30,2,0,2
BRDA:30,2,1,32
BRDA:32,3,0,31
BRDA:32,3,1,1
BRDA:138,4,0,3
BRDA:138,4,1,0
BRF:10
BRH:9
end_of_record
TN:
SF:src/models/DFSPEndpointModel.js
FN:28,(anonymous_0)
FN:43,(anonymous_1)
FN:60,(anonymous_2)
FN:65,(anonymous_3)
FN:70,(anonymous_4)
FN:77,(anonymous_5)
FN:83,(anonymous_6)
FN:90,(anonymous_7)
FN:104,(anonymous_8)
FN:111,(anonymous_9)
FN:125,(anonymous_10)
FN:139,(anonymous_11)
FNF:12
FNH:12
FNDA:4,(anonymous_0)
FNDA:15,(anonymous_1)
FNDA:4,(anonymous_2)
FNDA:1,(anonymous_3)
FNDA:3,(anonymous_4)
FNDA:3,(anonymous_5)
FNDA:3,(anonymous_6)
FNDA:2,(anonymous_7)
FNDA:2,(anonymous_8)
FNDA:7,(anonymous_9)
FNDA:16,(anonymous_10)
FNDA:104,(anonymous_11)
DA:19,1
DA:20,1
DA:21,1
DA:22,1
DA:23,1
DA:28,1
DA:29,4
DA:30,3
DA:32,4
DA:33,4
DA:34,1
DA:35,3
DA:36,3
DA:37,3
DA:39,0
DA:43,1
DA:44,15
DA:46,15
DA:47,15
DA:49,15
DA:51,15
DA:60,1
DA:61,4
DA:62,3
DA:65,1
DA:66,1
DA:67,1
DA:70,3
DA:71,1
DA:77,1
DA:78,3
DA:79,2
DA:83,3
DA:84,2
DA:90,1
DA:91,2
DA:104,2
DA:105,2
DA:111,1
DA:112,7
DA:113,6
DA:118,6
DA:119,4
DA:125,1
DA:126,16
DA:127,16
DA:133,16
DA:139,1
DA:140,104
LF:49
LH:48
BRDA:29,0,0,3
BRDA:29,0,1,1
BRDA:29,1,0,4
BRDA:29,1,1,3
BRDA:33,2,0,1
BRDA:33,2,1,3
BRDA:35,3,0,3
BRDA:35,3,1,0
BRDA:118,4,0,2
BRDA:118,4,1,4
BRF:10
BRH:9
end_of_record
TN:
SF:src/models/DFSPModel.js
FN:23,(anonymous_0)
FN:27,(anonymous_1)
FN:31,(anonymous_2)
FN:36,(anonymous_3)
FN:40,(anonymous_4)
FN:44,(anonymous_5)
FN:51,(anonymous_6)
FN:54,(anonymous_7)
FN:65,(anonymous_8)
FN:74,(anonymous_9)
FN:78,(anonymous_10)
FN:82,(anonymous_11)
FN:86,(anonymous_12)
FN:90,(anonymous_13)
FN:94,(anonymous_14)
FN:107,(anonymous_15)
FNF:16
FNH:11
FNDA:2,(anonymous_0)
FNDA:74,(anonymous_1)
FNDA:184,(anonymous_2)
FNDA:367,(anonymous_3)
FNDA:1,(anonymous_4)
FNDA:0,(anonymous_5)
FNDA:0,(anonymous_6)
FNDA:441,(anonymous_7)
FNDA:1,(anonymous_8)
FNDA:97,(anonymous_9)
FNDA:63,(anonymous_10)
FNDA:0,(anonymous_11)
FNDA:0,(anonymous_12)
FNDA:85,(anonymous_13)
FNDA:1,(anonymous_14)
FNDA:0,(anonymous_15)
DA:18,1
DA:19,1
DA:20,1
DA:21,1
DA:23,1
DA:24,2
DA:27,1
DA:28,74
DA:31,1
DA:32,184
DA:33,182
DA:36,1
DA:37,367
DA:40,1
DA:41,1
DA:44,1
DA:45,0
DA:51,0
DA:54,1
DA:55,441
DA:56,441
DA:57,8
DA:58,433
DA:59,433
DA:61,0
DA:65,1
DA:66,1
DA:67,1
DA:68,1
DA:70,0
DA:74,1
DA:75,97
DA:78,1
DA:79,63
DA:80,0
DA:81,0
DA:82,0
DA:86,1
DA:87,0
DA:90,1
DA:91,85
DA:94,1
DA:95,1
DA:96,1
DA:97,1
DA:98,0
DA:99,0
DA:101,0
DA:103,0
DA:107,1
DA:108,0
LF:51
LH:38
BRDA:56,0,0,8
BRDA:56,0,1,433
BRDA:58,1,0,433
BRDA:58,1,1,0
BRDA:67,2,0,1
BRDA:67,2,1,0
BRDA:79,3,0,63
BRDA:79,3,1,0
BRDA:96,4,0,1
BRDA:96,4,1,0
BRDA:98,5,0,0
BRDA:98,5,1,0
BRDA:111,6,0,0
BRDA:111,6,1,0
BRF:14
BRH:6
end_of_record
TN:
SF:src/models/ExternalDFSPModel.js
FN:4,(anonymous_0)
FN:8,(anonymous_1)
FNF:2
FNH:2
FNDA:1,(anonymous_0)
FNDA:2,(anonymous_1)
DA:1,1
DA:2,1
DA:4,1
DA:5,1
DA:8,1
DA:9,2
LF:6
LH:6
BRF:0
BRH:0
end_of_record
TN:
SF:src/models/GID.js
FN:13,(anonymous_0)
FN:20,(anonymous_1)
FNF:2
FNH:2
FNDA:18,(anonymous_0)
FNDA:1,(anonymous_1)
DA:11,2
DA:13,2
DA:14,18
DA:15,17
DA:18,2
DA:19,1
DA:20,1
LF:7
LH:7
BRDA:18,0,0,1
BRDA:18,0,1,1
BRF:2
BRH:2
end_of_record
TN:
SF:src/models/HubEndpointItemModel.js
FN:24,(anonymous_0)
FN:35,(anonymous_1)
FN:47,(anonymous_2)
FN:52,(anonymous_3)
FN:55,(anonymous_4)
FN:58,(anonymous_5)
FN:68,(anonymous_6)
FN:75,(anonymous_7)
FN:80,(anonymous_8)
FN:83,(anonymous_9)
FNF:10
FNH:10
FNDA:3,(anonymous_0)
FNDA:5,(anonymous_1)
FNDA:2,(anonymous_2)
FNDA:1,(anonymous_3)
FNDA:2,(anonymous_4)
FNDA:2,(anonymous_5)
FNDA:2,(anonymous_6)
FNDA:2,(anonymous_7)
FNDA:2,(anonymous_8)
FNDA:2,(anonymous_9)
DA:19,1
DA:20,1
DA:21,1
DA:22,1
DA:24,1
DA:25,3
DA:26,3
DA:27,1
DA:28,2
DA:29,1
DA:31,1
DA:35,1
DA:36,5
DA:37,5
DA:38,5
DA:47,1
DA:48,2
DA:49,1
DA:52,1
DA:53,1
DA:55,2
DA:58,1
DA:59,2
DA:65,2
DA:68,1
DA:69,2
DA:75,1
DA:76,2
DA:80,2
DA:83,1
DA:84,2
DA:85,2
DA:86,1
DA:87,1
LF:34
LH:34
BRDA:26,0,0,1
BRDA:26,0,1,2
BRDA:28,1,0,1
BRDA:28,1,1,1
BRDA:85,2,0,1
BRDA:85,2,1,1
BRF:6
BRH:6
end_of_record
TN:
SF:src/models/MonetaryZone.js
FN:22,(anonymous_0)
FNF:1
FNH:1
FNDA:1,(anonymous_0)
DA:18,1
DA:20,1
DA:22,1
DA:23,1
LF:4
LH:4
BRF:0
BRH:0
end_of_record
TN:
SF:src/oauth/OAuthHelper.js
FN:27,cookieExtractor
FN:36,createJwtStrategy
FN:70,(anonymous_2)
FN:88,verifyCallback
FN:144,(anonymous_4)
FN:148,(anonymous_5)
FN:148,(anonymous_6)
FN:149,(anonymous_7)
FN:159,(anonymous_8)
FN:192,(anonymous_9)
FN:204,(anonymous_10)
FNF:11
FNH:8
FNDA:0,cookieExtractor
FNDA:20,createJwtStrategy
FNDA:10,(anonymous_2)
FNDA:2,verifyCallback
FNDA:3,(anonymous_4)
FNDA:3,(anonymous_5)
FNDA:3,(anonymous_6)
FNDA:3,(anonymous_7)
FNDA:3,(anonymous_8)
FNDA:0,(anonymous_9)
FNDA:0,(anonymous_10)
DA:18,1
DA:19,1
DA:20,1
DA:21,1
DA:22,1
DA:23,1
DA:24,1
DA:25,1
DA:28,0
DA:29,0
DA:37,20
DA:38,20
DA:39,20
DA:40,11
DA:41,0
DA:43,11
DA:46,20
DA:48,20
DA:50,20
DA:51,20
DA:53,20
DA:54,8
DA:55,8
DA:56,12
DA:57,3
DA:58,3
DA:59,1
DA:60,1
DA:62,2
DA:63,2
DA:66,9
DA:68,20
DA:70,20
DA:71,10
DA:74,20
DA:75,20
DA:89,2
DA:90,1
DA:91,1
DA:92,1
DA:94,1
DA:95,0
DA:96,0
DA:97,0
DA:99,1
DA:100,1
DA:101,1
DA:102,1
DA:103,1
DA:105,0
DA:106,0
DA:107,0
DA:108,0
DA:110,0
DA:111,0
DA:112,0
DA:113,0
DA:115,0
DA:116,0
DA:121,0
DA:122,0
DA:124,0
DA:125,0
DA:126,0
DA:144,1
DA:145,3
DA:146,3
DA:148,3
DA:149,3
DA:150,3
DA:151,0
DA:153,3
DA:159,3
DA:160,3
DA:161,3
DA:162,3
DA:163,3
DA:164,3
DA:165,3
DA:168,3
DA:169,3
DA:170,3
DA:171,3
DA:174,3
DA:175,3
DA:176,3
DA:177,3
DA:178,3
DA:179,3
DA:182,0
DA:183,0
DA:189,0
DA:190,0
DA:191,0
DA:193,0
DA:194,0
DA:195,0
DA:197,0
DA:198,0
DA:199,0
DA:200,0
DA:201,0
DA:205,0
DA:206,0
DA:207,0
DA:208,0
DA:211,0
DA:215,1
LF:108
LH:68
BRDA:39,0,0,11
BRDA:39,0,1,9
BRDA:40,1,0,0
BRDA:40,1,1,11
BRDA:53,2,0,8
BRDA:53,2,1,12
BRDA:56,3,0,3
BRDA:56,3,1,9
BRDA:58,4,0,1
BRDA:58,4,1,2
BRDA:89,5,0,1
BRDA:89,5,1,1
BRDA:94,6,0,0
BRDA:94,6,1,1
BRDA:100,7,0,1
BRDA:100,7,1,0
BRDA:100,8,0,1
BRDA:100,8,1,1
BRDA:105,9,0,0
BRDA:105,9,1,0
BRDA:150,10,0,0
BRDA:150,10,1,3
BRDA:169,11,0,3
BRDA:169,11,1,0
BRDA:169,12,0,3
BRDA:169,12,1,3
BRDA:169,12,2,3
BRDA:169,12,3,3
BRDA:171,13,0,3
BRDA:171,13,1,3
BRDA:174,14,0,3
BRDA:174,14,1,0
BRDA:182,15,0,0
BRDA:182,15,1,0
BRDA:189,16,0,0
BRDA:189,16,1,0
BRDA:193,17,0,0
BRDA:193,17,1,0
BRDA:194,18,0,0
BRDA:194,18,1,0
BRDA:194,19,0,0
BRDA:194,19,1,0
BRF:42
BRH:24
end_of_record
TN:
SF:src/pki_engine/CSRInfo.js
FN:43,(anonymous_0)
FN:49,(anonymous_1)
FN:49,(anonymous_2)
FN:74,(anonymous_3)
FN:84,(anonymous_4)
FN:96,(anonymous_5)
FNF:6
FNH:6
FNDA:17,(anonymous_0)
FNDA:3,(anonymous_1)
FNDA:21,(anonymous_2)
FNDA:2,(anonymous_3)
FNDA:1,(anonymous_4)
FNDA:1,(anonymous_5)
DA:31,1
DA:35,1
DA:37,1
DA:44,17
DA:48,17
DA:49,21
DA:50,3
DA:52,17
DA:61,17
DA:75,2
DA:76,12
DA:77,12
DA:78,2
DA:81,0
DA:85,1
DA:86,1
DA:88,1
DA:89,1
DA:90,1
DA:91,1
DA:93,1
DA:97,1
DA:98,1
DA:100,1
DA:101,1
DA:102,1
DA:103,1
DA:105,1
LF:28
LH:27
BRDA:48,0,0,3
BRDA:48,0,1,14
BRDA:48,1,0,17
BRDA:48,1,1,17
BRDA:48,1,2,8
BRDA:48,1,3,3
BRDA:49,2,0,3
BRDA:49,2,1,3
BRDA:50,3,0,3
BRDA:50,3,1,0
BRDA:53,4,0,8
BRDA:53,4,1,9
BRDA:53,5,0,17
BRDA:53,5,1,17
BRDA:53,5,2,8
BRDA:53,6,0,0
BRDA:53,6,1,8
BRDA:55,7,0,7
BRDA:55,7,1,10
BRDA:55,8,0,17
BRDA:55,8,1,17
BRDA:55,8,2,8
BRDA:55,9,0,0
BRDA:55,9,1,7
BRDA:56,10,0,7
BRDA:56,10,1,10
BRDA:56,11,0,17
BRDA:56,11,1,17
BRDA:56,11,2,8
BRDA:56,12,0,0
BRDA:56,12,1,7
BRDA:57,13,0,8
BRDA:57,13,1,9
BRDA:57,14,0,17
BRDA:57,14,1,17
BRDA:57,14,2,8
BRDA:57,15,0,0
BRDA:57,15,1,8
BRDA:58,16,0,4
BRDA:58,16,1,13
BRDA:58,17,0,17
BRDA:58,17,1,17
BRDA:58,17,2,8
BRDA:58,18,0,0
BRDA:58,18,1,4
BRDA:59,19,0,3
BRDA:59,19,1,14
BRDA:59,20,0,17
BRDA:59,20,1,17
BRDA:59,20,2,8
BRDA:59,21,0,0
BRDA:59,21,1,3
BRDA:63,22,0,9
BRDA:63,22,1,8
BRDA:63,23,0,17
BRDA:63,23,1,17
BRDA:63,23,2,9
BRDA:64,24,0,9
BRDA:64,24,1,8
BRDA:64,25,0,17
BRDA:64,25,1,17
BRDA:64,25,2,9
BRDA:65,26,0,3
BRDA:65,26,1,14
BRDA:65,27,0,17
BRDA:65,27,1,17
BRDA:65,27,2,3
BRDA:66,28,0,3
BRDA:66,28,1,14
BRDA:66,29,0,17
BRDA:66,29,1,17
BRDA:66,29,2,3
BRDA:77,30,0,2
BRDA:77,30,1,10
BRF:74
BRH:67
end_of_record
TN:
SF:src/pki_engine/CertInfo.js
FN:27,(anonymous_0)
FN:63,(anonymous_1)
FN:77,(anonymous_2)
FNF:3
FNH:3
FNDA:16,(anonymous_0)
FNDA:17,(anonymous_1)
FNDA:2,(anonymous_2)
DA:21,1
DA:28,16
DA:37,16
DA:46,16
DA:47,16
DA:48,16
DA:49,16
DA:50,16
DA:51,16
DA:59,16
DA:64,17
DA:65,4
DA:66,4
DA:67,4
DA:68,4
DA:70,4
DA:71,4
DA:78,2
LF:18
LH:18
BRDA:29,0,0,8
BRDA:29,0,1,8
BRDA:29,1,0,16
BRDA:29,1,1,16
BRDA:29,1,2,8
BRDA:29,2,0,0
BRDA:29,2,1,8
BRDA:30,3,0,7
BRDA:30,3,1,9
BRDA:30,4,0,16
BRDA:30,4,1,16
BRDA:30,4,2,8
BRDA:30,5,0,0
BRDA:30,5,1,7
BRDA:31,6,0,7
BRDA:31,6,1,9
BRDA:31,7,0,16
BRDA:31,7,1,16
BRDA:31,7,2,8
BRDA:31,8,0,0
BRDA:31,8,1,7
BRDA:32,9,0,7
BRDA:32,9,1,9
BRDA:32,10,0,16
BRDA:32,10,1,16
BRDA:32,10,2,8
BRDA:32,11,0,0
BRDA:32,11,1,7
BRDA:33,12,0,4
BRDA:33,12,1,12
BRDA:33,13,0,16
BRDA:33,13,1,16
BRDA:33,13,2,8
BRDA:33,14,0,0
BRDA:33,14,1,4
BRDA:34,15,0,3
BRDA:34,15,1,13
BRDA:34,16,0,16
BRDA:34,16,1,16
BRDA:34,16,2,8
BRDA:34,17,0,0
BRDA:34,17,1,3
BRDA:35,18,0,4
BRDA:35,18,1,12
BRDA:35,19,0,16
BRDA:35,19,1,16
BRDA:35,19,2,8
BRDA:35,20,0,0
BRDA:35,20,1,4
BRDA:38,21,0,3
BRDA:38,21,1,13
BRDA:38,22,0,16
BRDA:38,22,1,16
BRDA:38,22,2,3
BRDA:38,23,0,0
BRDA:38,23,1,3
BRDA:39,24,0,3
BRDA:39,24,1,13
BRDA:39,25,0,16
BRDA:39,25,1,16
BRDA:39,25,2,3
BRDA:39,26,0,0
BRDA:39,26,1,3
BRDA:40,27,0,3
BRDA:40,27,1,13
BRDA:40,28,0,16
BRDA:40,28,1,16
BRDA:40,28,2,3
BRDA:40,29,0,0
BRDA:40,29,1,3
BRDA:41,30,0,3
BRDA:41,30,1,13
BRDA:41,31,0,16
BRDA:41,31,1,16
BRDA:41,31,2,3
BRDA:41,32,0,0
BRDA:41,32,1,3
BRDA:42,33,0,3
BRDA:42,33,1,13
BRDA:42,34,0,16
BRDA:42,34,1,16
BRDA:42,34,2,3
BRDA:42,35,0,0
BRDA:42,35,1,3
BRDA:43,36,0,3
BRDA:43,36,1,13
BRDA:43,37,0,16
BRDA:43,37,1,16
BRDA:43,37,2,3
BRDA:43,38,0,0
BRDA:43,38,1,3
BRDA:44,39,0,3
BRDA:44,39,1,13
BRDA:44,40,0,16
BRDA:44,40,1,16
BRDA:44,40,2,3
BRDA:44,41,0,0
BRDA:44,41,1,3
BRDA:46,42,0,3
BRDA:46,42,1,13
BRDA:46,43,0,16
BRDA:46,43,1,16
BRDA:47,44,0,3
BRDA:47,44,1,13
BRDA:47,45,0,16
BRDA:47,45,1,16
BRDA:48,46,0,3
BRDA:48,46,1,13
BRDA:48,47,0,16
BRDA:48,47,1,16
BRDA:49,48,0,3
BRDA:49,48,1,13
BRDA:49,49,0,16
BRDA:49,49,1,16
BRDA:50,50,0,3
BRDA:50,50,1,13
BRDA:50,51,0,16
BRDA:50,51,1,16
BRDA:53,52,0,9
BRDA:53,52,1,7
BRDA:53,53,0,16
BRDA:53,53,1,16
BRDA:53,53,2,9
BRDA:54,54,0,9
BRDA:54,54,1,7
BRDA:54,55,0,16
BRDA:54,55,1,16
BRDA:54,55,2,9
BRDA:55,56,0,3
BRDA:55,56,1,13
BRDA:55,57,0,16
BRDA:55,57,1,16
BRDA:55,57,2,9
BRDA:56,58,0,3
BRDA:56,58,1,13
BRDA:56,59,0,16
BRDA:56,59,1,16
BRDA:56,59,2,9
BRDA:64,60,0,4
BRDA:64,60,1,13
BRDA:64,61,0,17
BRDA:64,61,1,17
BRDA:64,61,2,9
BRDA:68,62,0,4
BRDA:68,62,1,0
BRDA:78,63,0,2
BRDA:78,63,1,1
BRDA:78,63,2,1
BRF:148
BRH:133
end_of_record
TN:
SF:src/pki_engine/PKIEngine.js
FN:31,(anonymous_0)
FN:46,(anonymous_1)
FN:56,(anonymous_2)
FN:65,(anonymous_3)
FN:75,(anonymous_4)
FN:102,(anonymous_5)
FN:118,(anonymous_6)
FN:132,(anonymous_7)
FN:162,(anonymous_8)
FN:167,(anonymous_9)
FN:169,(anonymous_10)
FN:170,(anonymous_11)
FN:185,(anonymous_12)
FN:206,(anonymous_13)
FN:217,(anonymous_14)
FN:225,(anonymous_15)
FN:235,(anonymous_16)
FN:245,(anonymous_17)
FN:255,(anonymous_18)
FN:265,(anonymous_19)
FN:277,(anonymous_20)
FN:290,(anonymous_21)
FN:339,(anonymous_22)
FN:351,(anonymous_23)
FN:377,(anonymous_24)
FN:390,(anonymous_25)
FN:406,(anonymous_26)
FN:414,(anonymous_27)
FN:423,(anonymous_28)
FN:433,(anonymous_29)
FN:443,(anonymous_30)
FN:453,(anonymous_31)
FN:463,(anonymous_32)
FN:471,(anonymous_33)
FN:484,(anonymous_34)
FN:494,(anonymous_35)
FN:504,(anonymous_36)
FN:513,(anonymous_37)
FN:517,(anonymous_38)
FN:528,(anonymous_39)
FN:532,(anonymous_40)
FN:546,(anonymous_41)
FN:556,(anonymous_42)
FN:566,(anonymous_43)
FN:580,(anonymous_44)
FN:592,(anonymous_45)
FN:604,(anonymous_46)
FNF:47
FNH:27
FNDA:71,(anonymous_0)
FNDA:0,(anonymous_1)
FNDA:0,(anonymous_2)
FNDA:0,(anonymous_3)
FNDA:10,(anonymous_4)
FNDA:6,(anonymous_5)
FNDA:7,(anonymous_6)
FNDA:7,(anonymous_7)
FNDA:18,(anonymous_8)
FNDA:1,(anonymous_9)
FNDA:1,(anonymous_10)
FNDA:1,(anonymous_11)
FNDA:6,(anonymous_12)
FNDA:17,(anonymous_13)
FNDA:1,(anonymous_14)
FNDA:1,(anonymous_15)
FNDA:1,(anonymous_16)
FNDA:1,(anonymous_17)
FNDA:1,(anonymous_18)
FNDA:8,(anonymous_19)
FNDA:3,(anonymous_20)
FNDA:11,(anonymous_21)
FNDA:88,(anonymous_22)
FNDA:7,(anonymous_23)
FNDA:2,(anonymous_24)
FNDA:9,(anonymous_25)
FNDA:0,(anonymous_26)
FNDA:0,(anonymous_27)
FNDA:0,(anonymous_28)
FNDA:0,(anonymous_29)
FNDA:0,(anonymous_30)
FNDA:0,(anonymous_31)
FNDA:0,(anonymous_32)
FNDA:0,(anonymous_33)
FNDA:0,(anonymous_34)
FNDA:0,(anonymous_35)
FNDA:0,(anonymous_36)
FNDA:1,(anonymous_37)
FNDA:1,(anonymous_38)
FNDA:1,(anonymous_39)
FNDA:1,(anonymous_40)
FNDA:0,(anonymous_41)
FNDA:0,(anonymous_42)
FNDA:0,(anonymous_43)
FNDA:0,(anonymous_44)
FNDA:0,(anonymous_45)
FNDA:0,(anonymous_46)
DA:18,1
DA:19,1
DA:20,1
DA:21,1
DA:32,71
DA:33,71
DA:47,0
DA:57,0
DA:66,0
DA:76,10
DA:77,10
DA:78,10
DA:80,2
DA:81,2
DA:82,2
DA:87,8
DA:88,8
DA:103,6
DA:107,6
DA:119,7
DA:120,7
DA:133,7
DA:134,7
DA:135,42
DA:137,7
DA:138,7
DA:140,7
DA:141,7
DA:143,7
DA:144,7
DA:146,0
DA:147,0
DA:149,7
DA:150,7
DA:152,7
DA:153,7
DA:155,7
DA:156,7
DA:158,0
DA:159,0
DA:162,18
DA:163,7
DA:164,7
DA:168,1
DA:169,1
DA:170,1
DA:171,1
DA:173,0
DA:186,6
DA:187,6
DA:188,19
DA:190,6
DA:191,6
DA:193,6
DA:194,6
DA:196,6
DA:197,6
DA:199,1
DA:200,1
DA:202,0
DA:203,0
DA:206,17
DA:207,6
DA:208,6
DA:266,8
DA:267,8
DA:278,3
DA:279,3
DA:291,11
DA:293,11
DA:294,88
DA:296,11
DA:297,11
DA:299,11
DA:300,11
DA:302,11
DA:303,11
DA:305,0
DA:306,0
DA:308,11
DA:309,11
DA:311,8
DA:312,8
DA:314,0
DA:315,0
DA:317,0
DA:318,0
DA:320,0
DA:321,0
DA:323,11
DA:324,11
DA:326,11
DA:327,11
DA:329,11
DA:330,11
DA:332,3
DA:333,3
DA:335,0
DA:336,0
DA:339,88
DA:342,11
DA:352,7
DA:354,25
DA:355,25
DA:356,4
DA:360,3
DA:362,16
DA:363,16
DA:364,0
DA:368,3
DA:378,2
DA:379,1
DA:381,1
DA:391,9
DA:392,19
DA:393,5
DA:396,4
DA:514,1
DA:518,1
DA:529,1
DA:533,1
DA:547,0
DA:581,0
DA:593,0
DA:605,0
DA:609,1
LF:126
LH:101
BRDA:105,0,0,1
BRDA:105,0,1,5
BRDA:135,1,0,7
BRDA:135,1,1,7
BRDA:135,1,2,7
BRDA:135,1,3,0
BRDA:135,1,4,7
BRDA:135,1,5,7
BRDA:135,1,6,7
BRDA:135,1,7,0
BRDA:163,2,0,0
BRDA:163,2,1,7
BRDA:168,3,0,1
BRDA:168,3,1,0
BRDA:188,4,0,6
BRDA:188,4,1,6
BRDA:188,4,2,6
BRDA:188,4,3,1
BRDA:188,4,4,0
BRDA:207,5,0,5
BRDA:207,5,1,1
BRDA:294,6,0,11
BRDA:294,6,1,11
BRDA:294,6,2,11
BRDA:294,6,3,0
BRDA:294,6,4,11
BRDA:294,6,5,8
BRDA:294,6,6,0
BRDA:294,6,7,0
BRDA:294,6,8,0
BRDA:294,6,9,11
BRDA:294,6,10,11
BRDA:294,6,11,11
BRDA:294,6,12,3
BRDA:294,6,13,0
BRDA:339,7,0,9
BRDA:339,7,1,2
BRDA:339,8,0,88
BRDA:339,8,1,78
BRDA:354,9,0,25
BRDA:354,9,1,0
BRDA:355,10,0,4
BRDA:355,10,1,21
BRDA:362,11,0,16
BRDA:362,11,1,0
BRDA:363,12,0,0
BRDA:363,12,1,16
BRDA:378,13,0,1
BRDA:378,13,1,1
BRDA:392,14,0,5
BRDA:392,14,1,14
BRF:51
BRH:38
end_of_record
TN:
SF:src/pki_engine/Validation.js
FN:21,(anonymous_0)
FNF:1
FNH:1
FNDA:172,(anonymous_0)
DA:18,1
DA:20,1
DA:22,172
DA:23,172
DA:24,172
DA:25,172
DA:26,172
DA:27,172
DA:28,172
LF:9
LH:9
BRDA:21,0,0,0
BRDA:21,1,0,32
BRDA:21,2,0,33
BRDA:21,3,0,172
BRDA:21,4,0,172
BRF:5
BRH:4
end_of_record
TN:
SF:src/pki_engine/ValidationCodes.js
FNF:0
FNH:0
DA:18,1
LF:1
LH:1
BRF:0
BRH:0
end_of_record
TN:
SF:src/pki_engine/ValidationsConfiguration.js
FN:20,(anonymous_0)
FNF:1
FNH:1
FNDA:71,(anonymous_0)
DA:18,1
DA:20,71
LF:2
LH:2
BRDA:24,0,0,36
BRDA:24,0,1,35
BRDA:37,1,0,36
BRDA:37,1,1,35
BRDA:55,2,0,36
BRDA:55,2,1,35
BRF:6
BRH:6
end_of_record
TN:
SF:src/pki_engine/VaultPKIEngine.js
FN:42,(anonymous_0)
FN:64,(anonymous_1)
FN:69,(anonymous_2)
FN:97,(anonymous_3)
FN:101,(anonymous_4)
FN:106,(anonymous_5)
FN:110,(anonymous_6)
FN:123,(anonymous_7)
FN:136,(anonymous_8)
FN:141,(anonymous_9)
FN:153,(anonymous_10)
FN:159,(anonymous_11)
FN:165,(anonymous_12)
FN:171,(anonymous_13)
FN:174,(anonymous_14)
FN:177,(anonymous_15)
FN:180,(anonymous_16)
FN:185,(anonymous_17)
FN:191,(anonymous_18)
FN:194,(anonymous_19)
FN:197,(anonymous_20)
FN:203,(anonymous_21)
FN:209,(anonymous_22)
FN:212,(anonymous_23)
FN:217,(anonymous_24)
FN:222,(anonymous_25)
FN:227,(anonymous_26)
FN:234,(anonymous_27)
FN:239,(anonymous_28)
FN:243,(anonymous_29)
FN:248,(anonymous_30)
FN:252,(anonymous_31)
FN:255,(anonymous_32)
FN:256,(anonymous_33)
FN:260,(anonymous_34)
FN:267,(anonymous_35)
FN:271,(anonymous_36)
FN:275,(anonymous_37)
FN:279,(anonymous_38)
FN:283,(anonymous_39)
FN:287,(anonymous_40)
FN:293,(anonymous_41)
FN:298,(anonymous_42)
FN:303,(anonymous_43)
FN:309,(anonymous_44)
FN:314,(anonymous_45)
FN:315,(anonymous_46)
FN:330,(anonymous_47)
FN:334,(anonymous_48)
FN:342,(anonymous_49)
FN:353,(anonymous_50)
FN:384,(anonymous_51)
FN:405,(anonymous_52)
FN:420,(anonymous_53)
FN:437,(anonymous_54)
FN:439,(anonymous_55)
FN:446,(anonymous_56)
FN:447,(anonymous_57)
FN:448,(anonymous_58)
FN:449,(anonymous_59)
FN:450,(anonymous_60)
FN:463,(anonymous_61)
FN:468,(anonymous_62)
FN:480,(anonymous_63)
FN:481,(anonymous_64)
FN:495,(anonymous_65)
FN:514,(anonymous_66)
FN:533,(anonymous_67)
FN:546,(anonymous_68)
FN:560,(anonymous_69)
FN:567,(anonymous_70)
FN:574,(anonymous_71)
FN:578,(anonymous_72)
FN:588,(anonymous_73)
FN:651,(anonymous_74)
FN:668,(anonymous_75)
FN:675,(anonymous_76)
FN:676,(anonymous_77)
FN:686,(anonymous_78)
FN:687,(anonymous_79)
FN:704,(anonymous_80)
FN:737,(anonymous_81)
FN:762,(anonymous_82)
FN:779,(anonymous_83)
FN:804,(anonymous_84)
FN:832,(anonymous_85)
FN:855,(anonymous_86)
FN:864,(anonymous_87)
FN:883,(anonymous_88)
FN:912,(anonymous_89)
FN:936,(anonymous_90)
FN:977,(anonymous_91)
FN:1012,(anonymous_92)
FN:1026,(anonymous_93)
FN:1040,(anonymous_94)
FN:1053,(anonymous_95)
FN:1061,(anonymous_96)
FN:1076,(anonymous_97)
FN:1104,(anonymous_98)
FN:1186,(anonymous_99)
FN:1218,(anonymous_100)
FN:1227,(anonymous_101)
FN:1236,(anonymous_102)
FN:1240,(anonymous_103)
FN:1241,(anonymous_104)
FN:1247,(anonymous_105)
FN:1261,(anonymous_106)
FN:1263,(anonymous_107)
FN:1289,(anonymous_108)
FN:1310,(anonymous_109)
FN:1329,(anonymous_110)
FNF:111
FNH:86
FNDA:36,(anonymous_0)
FNDA:5148,(anonymous_1)
FNDA:35,(anonymous_2)
FNDA:16,(anonymous_3)
FNDA:56,(anonymous_4)
FNDA:529,(anonymous_5)
FNDA:53,(anonymous_6)
FNDA:149,(anonymous_7)
FNDA:220,(anonymous_8)
FNDA:68,(anonymous_9)
FNDA:7,(anonymous_10)
FNDA:7,(anonymous_11)
FNDA:3,(anonymous_12)
FNDA:68,(anonymous_13)
FNDA:2,(anonymous_14)
FNDA:2,(anonymous_15)
FNDA:0,(anonymous_16)
FNDA:9,(anonymous_17)
FNDA:0,(anonymous_18)
FNDA:0,(anonymous_19)
FNDA:15,(anonymous_20)
FNDA:6,(anonymous_21)
FNDA:68,(anonymous_22)
FNDA:5,(anonymous_23)
FNDA:5,(anonymous_24)
FNDA:3,(anonymous_25)
FNDA:68,(anonymous_26)
FNDA:4,(anonymous_27)
FNDA:4,(anonymous_28)
FNDA:4,(anonymous_29)
FNDA:20,(anonymous_30)
FNDA:5,(anonymous_31)
FNDA:2,(anonymous_32)
FNDA:20,(anonymous_33)
FNDA:70,(anonymous_34)
FNDA:2,(anonymous_35)
FNDA:2,(anonymous_36)
FNDA:1,(anonymous_37)
FNDA:16,(anonymous_38)
FNDA:0,(anonymous_39)
FNDA:2,(anonymous_40)
FNDA:4,(anonymous_41)
FNDA:1,(anonymous_42)
FNDA:69,(anonymous_43)
FNDA:0,(anonymous_44)
FNDA:0,(anonymous_45)
FNDA:0,(anonymous_46)
FNDA:0,(anonymous_47)
FNDA:0,(anonymous_48)
FNDA:18,(anonymous_49)
FNDA:21,(anonymous_50)
FNDA:2,(anonymous_51)
FNDA:1,(anonymous_52)
FNDA:0,(anonymous_53)
FNDA:0,(anonymous_54)
FNDA:0,(anonymous_55)
FNDA:0,(anonymous_56)
FNDA:0,(anonymous_57)
FNDA:0,(anonymous_58)
FNDA:0,(anonymous_59)
FNDA:0,(anonymous_60)
FNDA:4,(anonymous_61)
FNDA:4,(anonymous_62)
FNDA:2,(anonymous_63)
FNDA:2,(anonymous_64)
FNDA:0,(anonymous_65)
FNDA:0,(anonymous_66)
FNDA:4,(anonymous_67)
FNDA:1,(anonymous_68)
FNDA:0,(anonymous_69)
FNDA:4,(anonymous_70)
FNDA:0,(anonymous_71)
FNDA:0,(anonymous_72)
FNDA:21,(anonymous_73)
FNDA:11,(anonymous_74)
FNDA:31,(anonymous_75)
FNDA:48,(anonymous_76)
FNDA:21,(anonymous_77)
FNDA:7,(anonymous_78)
FNDA:11,(anonymous_79)
FNDA:7,(anonymous_80)
FNDA:0,(anonymous_81)
FNDA:12,(anonymous_82)
FNDA:11,(anonymous_83)
FNDA:11,(anonymous_84)
FNDA:11,(anonymous_85)
FNDA:3,(anonymous_86)
FNDA:1,(anonymous_87)
FNDA:11,(anonymous_88)
FNDA:0,(anonymous_89)
FNDA:8,(anonymous_90)
FNDA:0,(anonymous_91)
FNDA:15,(anonymous_92)
FNDA:7,(anonymous_93)
FNDA:13,(anonymous_94)
FNDA:6,(anonymous_95)
FNDA:4,(anonymous_96)
FNDA:12,(anonymous_97)
FNDA:6,(anonymous_98)
FNDA:13,(anonymous_99)
FNDA:17,(anonymous_100)
FNDA:12,(anonymous_101)
FNDA:163,(anonymous_102)
FNDA:1141,(anonymous_103)
FNDA:707,(anonymous_104)
FNDA:100,(anonymous_105)
FNDA:327,(anonymous_106)
FNDA:345,(anonymous_107)
FNDA:41,(anonymous_108)
FNDA:64,(anonymous_109)
FNDA:21,(anonymous_110)
DA:11,1
DA:12,1
DA:13,1
DA:14,1
DA:15,1
DA:16,1
DA:17,1
DA:18,1
DA:19,1
DA:20,1
DA:21,1
DA:22,1
DA:25,1
DA:37,1
DA:38,1
DA:39,1
DA:52,36
DA:53,36
DA:54,36
DA:55,36
DA:56,36
DA:57,36
DA:58,36
DA:59,36
DA:60,36
DA:61,36
DA:62,36
DA:64,36
DA:65,5148
DA:72,35
DA:74,35
DA:75,35
DA:79,0
DA:80,0
DA:86,0
DA:88,35
DA:93,35
DA:94,35
DA:98,16
DA:102,56
DA:103,56
DA:107,529
DA:111,53
DA:112,53
DA:113,53
DA:114,45
DA:116,8
DA:117,8
DA:119,0
DA:124,149
DA:125,149
DA:126,149
DA:127,15
DA:129,134
DA:130,134
DA:132,0
DA:137,220
DA:138,220
DA:142,68
DA:143,68
DA:154,7
DA:155,7
DA:156,7
DA:160,7
DA:161,7
DA:162,7
DA:166,3
DA:167,3
DA:168,3
DA:172,68
DA:173,68
DA:174,68
DA:178,2
DA:179,2
DA:180,2
DA:186,9
DA:187,9
DA:188,9
DA:192,0
DA:193,0
DA:194,0
DA:198,15
DA:199,15
DA:200,14
DA:204,6
DA:205,6
DA:206,6
DA:210,68
DA:211,68
DA:212,68
DA:218,5
DA:219,5
DA:223,3
DA:224,3
DA:228,68
DA:229,68
DA:235,4
DA:236,4
DA:240,4
DA:244,4
DA:245,4
DA:249,20
DA:253,5
DA:254,5
DA:255,5
DA:256,20
DA:257,5
DA:261,70
DA:262,70
DA:268,2
DA:272,2
DA:276,1
DA:280,16
DA:284,0
DA:288,2
DA:294,4
DA:295,4
DA:299,1
DA:300,1
DA:304,69
DA:305,69
DA:310,0
DA:311,0
DA:312,0
DA:313,0
DA:314,0
DA:315,0
DA:316,0
DA:317,0
DA:327,0
DA:331,0
DA:335,0
DA:343,18
DA:354,21
DA:355,16
DA:357,16
DA:373,16
DA:385,2
DA:388,2
DA:389,0
DA:390,0
DA:391,0
DA:393,0
DA:394,0
DA:397,2
DA:402,2
DA:406,1
DA:413,1
DA:421,0
DA:422,0
DA:423,0
DA:424,0
DA:426,0
DA:438,0
DA:439,0
DA:440,0
DA:446,0
DA:447,0
DA:448,0
DA:449,0
DA:450,0
DA:455,0
DA:464,4
DA:465,4
DA:466,4
DA:467,4
DA:468,4
DA:473,4
DA:474,1
DA:475,1
DA:480,2
DA:481,2
DA:487,4
DA:489,4
DA:496,0
DA:497,0
DA:506,0
DA:515,0
DA:516,0
DA:524,0
DA:534,4
DA:543,3
DA:547,1
DA:561,0
DA:568,4
DA:575,0
DA:579,0
DA:589,21
DA:590,6
DA:594,15
DA:595,15
DA:596,15
DA:597,15
DA:598,0
DA:600,15
DA:601,15
DA:602,0
DA:604,15
DA:605,15
DA:606,15
DA:607,9
DA:609,9
DA:610,9
DA:616,9
DA:618,6
DA:620,6
DA:621,6
DA:635,6
DA:637,15
DA:639,0
DA:640,0
DA:641,0
DA:642,0
DA:652,11
DA:653,1
DA:657,10
DA:658,10
DA:659,10
DA:660,2
DA:664,8
DA:670,31
DA:672,31
DA:674,31
DA:675,48
DA:676,21
DA:687,11
DA:688,7
DA:689,7
DA:690,7
DA:691,7
DA:693,5
DA:695,2
DA:705,7
DA:706,7
DA:708,7
DA:709,7
DA:711,7
DA:712,7
DA:713,7
DA:723,7
DA:724,7
DA:726,0
DA:738,0
DA:739,0
DA:740,0
DA:741,0
DA:742,0
DA:743,0
DA:747,0
DA:750,0
DA:763,12
DA:764,12
DA:765,11
DA:766,11
DA:769,1
DA:780,11
DA:781,11
DA:782,11
DA:783,11
DA:786,0
DA:791,0
DA:805,11
DA:806,5
DA:810,6
DA:811,6
DA:812,6
DA:813,6
DA:816,0
DA:821,0
DA:833,11
DA:834,11
DA:835,11
DA:836,9
DA:839,2
DA:843,0
DA:856,3
DA:857,2
DA:861,1
DA:862,0
DA:864,1
DA:865,1
DA:866,1
DA:867,1
DA:868,1
DA:870,0
DA:872,1
DA:884,11
DA:885,5
DA:888,6
DA:889,0
DA:892,6
DA:893,6
DA:895,6
DA:896,6
DA:899,0
DA:913,0
DA:914,0
DA:918,0
DA:919,0
DA:920,0
DA:921,0
DA:925,0
DA:937,8
DA:938,5
DA:941,3
DA:942,0
DA:946,3
DA:947,3
DA:951,0
DA:952,0
DA:954,0
DA:956,0
DA:957,0
DA:961,0
DA:963,0
DA:964,0
DA:968,0
DA:978,0
DA:979,0
DA:982,0
DA:983,0
DA:987,0
DA:988,0
DA:992,0
DA:993,0
DA:995,0
DA:997,0
DA:998,0
DA:1002,0
DA:1013,15
DA:1014,14
DA:1015,4
DA:1017,10
DA:1027,7
DA:1028,7
DA:1029,7
DA:1031,0
DA:1041,13
DA:1042,13
DA:1043,13
DA:1054,6
DA:1055,6
DA:1056,0
DA:1058,6
DA:1062,4
DA:1077,12
DA:1078,5
DA:1081,7
DA:1082,3
DA:1086,4
DA:1087,4
DA:1088,4
DA:1090,4
DA:1091,0
DA:1093,4
DA:1105,6
DA:1106,1
DA:1110,5
DA:1111,5
DA:1112,5
DA:1113,0
DA:1117,5
DA:1187,13
DA:1188,5
DA:1192,8
DA:1193,8
DA:1195,8
DA:1196,7
DA:1198,1
DA:1199,0
DA:1201,7
DA:1204,1
DA:1205,1
DA:1219,17
DA:1220,17
DA:1221,7
DA:1225,10
DA:1226,10
DA:1227,12
DA:1228,6
DA:1231,4
DA:1237,163
DA:1238,163
DA:1239,163
DA:1240,1141
DA:1242,707
DA:1244,163
DA:1248,100
DA:1257,100
DA:1259,100
DA:1261,327
DA:1264,345
DA:1266,268
DA:1267,268
DA:1269,1
DA:1270,1
DA:1272,0
DA:1273,0
DA:1275,51
DA:1276,51
DA:1280,100
DA:1290,41
DA:1291,0
DA:1294,41
DA:1296,37
DA:1311,64
DA:1312,0
DA:1315,64
DA:1317,63
DA:1330,21
DA:1339,21
DA:1340,21
DA:1341,5
DA:1342,5
DA:1347,1
DA:1348,1
DA:1349,1
DA:1350,1
DA:1352,1
LF:419
LH:309
BRDA:74,0,0,35
BRDA:74,0,1,0
BRDA:79,1,0,0
BRDA:79,1,1,0
BRDA:107,2,0,2
BRDA:107,2,1,527
BRDA:116,3,0,8
BRDA:116,3,1,0
BRDA:116,4,0,8
BRDA:116,4,1,8
BRDA:129,5,0,134
BRDA:129,5,1,0
BRDA:129,6,0,134
BRDA:129,6,1,134
BRDA:388,7,0,0
BRDA:388,7,1,2
BRDA:390,8,0,0
BRDA:390,8,1,0
BRDA:393,9,0,0
BRDA:393,9,1,0
BRDA:439,10,0,0
BRDA:439,10,1,0
BRDA:467,11,0,1
BRDA:467,11,1,3
BRDA:473,12,0,1
BRDA:473,12,1,3
BRDA:480,13,0,1
BRDA:480,13,1,0
BRDA:481,14,0,1
BRDA:481,14,1,0
BRDA:589,15,0,6
BRDA:589,15,1,15
BRDA:597,16,0,0
BRDA:597,16,1,15
BRDA:597,17,0,15
BRDA:597,17,1,15
BRDA:601,18,0,0
BRDA:601,18,1,15
BRDA:601,19,0,15
BRDA:601,19,1,15
BRDA:606,20,0,9
BRDA:606,20,1,6
BRDA:652,21,0,1
BRDA:652,21,1,10
BRDA:659,22,0,2
BRDA:659,22,1,8
BRDA:659,23,0,10
BRDA:659,23,1,8
BRDA:687,24,0,7
BRDA:687,24,1,3
BRDA:706,25,0,7
BRDA:706,25,1,0
BRDA:742,26,0,0
BRDA:742,26,1,0
BRDA:782,27,0,11
BRDA:782,27,1,0
BRDA:805,28,0,5
BRDA:805,28,1,6
BRDA:812,29,0,6
BRDA:812,29,1,0
BRDA:835,30,0,9
BRDA:835,30,1,2
BRDA:856,31,0,2
BRDA:856,31,1,1
BRDA:856,32,0,3
BRDA:856,32,1,3
BRDA:856,32,2,2
BRDA:861,33,0,0
BRDA:861,33,1,1
BRDA:864,34,0,1
BRDA:864,34,1,1
BRDA:884,35,0,5
BRDA:884,35,1,6
BRDA:888,36,0,0
BRDA:888,36,1,6
BRDA:895,37,0,6
BRDA:895,37,1,0
BRDA:913,38,0,0
BRDA:913,38,1,0
BRDA:920,39,0,0
BRDA:920,39,1,0
BRDA:920,40,0,0
BRDA:920,40,1,0
BRDA:937,41,0,5
BRDA:937,41,1,3
BRDA:941,42,0,0
BRDA:941,42,1,3
BRDA:946,43,0,3
BRDA:946,43,1,0
BRDA:946,44,0,3
BRDA:946,44,1,3
BRDA:956,45,0,0
BRDA:956,45,1,0
BRDA:963,46,0,0
BRDA:963,46,1,0
BRDA:978,47,0,0
BRDA:978,47,1,0
BRDA:982,48,0,0
BRDA:982,48,1,0
BRDA:987,49,0,0
BRDA:987,49,1,0
BRDA:987,50,0,0
BRDA:987,50,1,0
BRDA:997,51,0,0
BRDA:997,51,1,0
BRDA:1014,52,0,4
BRDA:1014,52,1,10
BRDA:1028,53,0,7
BRDA:1028,53,1,0
BRDA:1055,54,0,0
BRDA:1055,54,1,6
BRDA:1062,55,0,4
BRDA:1062,55,1,4
BRDA:1077,56,0,5
BRDA:1077,56,1,7
BRDA:1081,57,0,3
BRDA:1081,57,1,4
BRDA:1090,58,0,0
BRDA:1090,58,1,4
BRDA:1105,59,0,1
BRDA:1105,59,1,5
BRDA:1112,60,0,0
BRDA:1112,60,1,5
BRDA:1112,61,0,5
BRDA:1112,61,1,5
BRDA:1187,62,0,5
BRDA:1187,62,1,8
BRDA:1195,63,0,7
BRDA:1195,63,1,1
BRDA:1219,64,0,17
BRDA:1219,64,1,7
BRDA:1220,65,0,7
BRDA:1220,65,1,10
BRDA:1225,66,0,5
BRDA:1225,66,1,5
BRDA:1264,67,0,268
BRDA:1264,67,1,1
BRDA:1264,67,2,0
BRDA:1264,67,3,51
BRDA:1290,68,0,0
BRDA:1290,68,1,41
BRDA:1311,69,0,0
BRDA:1311,69,1,64
BRDA:1340,70,0,5
BRDA:1340,70,1,16
BRF:145
BRH:92
end_of_record
TN:
SF:src/service/DfspInboundService.js
FN:36,(anonymous_0)
FN:71,(anonymous_1)
FN:76,(anonymous_2)
FN:86,(anonymous_3)
FN:101,(anonymous_4)
FNF:5
FNH:5
FNDA:7,(anonymous_0)
FNDA:5,(anonymous_1)
FNDA:9,(anonymous_2)
FNDA:8,(anonymous_3)
FNDA:12,(anonymous_4)
DA:19,1
DA:20,1
DA:21,1
DA:22,1
DA:24,1
DA:25,1
DA:26,1
DA:36,1
DA:37,7
DA:38,7
DA:41,7
DA:42,7
DA:44,2
DA:48,5
DA:52,5
DA:54,5
DA:63,5
DA:64,5
DA:65,5
DA:71,1
DA:72,5
DA:73,4
DA:74,4
DA:75,4
DA:76,9
DA:86,1
DA:87,8
DA:88,8
DA:89,8
DA:90,8
DA:101,1
DA:102,12
DA:104,11
DA:105,11
DA:106,10
DA:107,9
DA:108,1
DA:111,8
DA:113,8
DA:114,6
DA:116,6
DA:122,6
DA:124,5
DA:133,5
DA:134,4
LF:45
LH:45
BRDA:76,0,0,6
BRDA:76,0,1,3
BRDA:107,1,0,1
BRDA:107,1,1,8
BRF:4
BRH:4
end_of_record
TN:
SF:src/service/DfspNetworkConfigService.js
FN:43,(anonymous_0)
FN:75,(anonymous_1)
FN:166,(anonymous_2)
FN:167,(anonymous_3)
FN:181,(anonymous_4)
FN:216,(anonymous_5)
FN:228,(anonymous_6)
FN:242,(anonymous_7)
FN:255,(anonymous_8)
FN:268,(anonymous_9)
FN:282,(anonymous_10)
FN:291,(anonymous_11)
FN:299,(anonymous_12)
FN:312,(anonymous_13)
FN:331,(anonymous_14)
FN:336,(anonymous_15)
FN:341,(anonymous_16)
FN:346,(anonymous_17)
FN:348,(anonymous_18)
FN:353,(anonymous_19)
FN:361,(anonymous_20)
FN:384,(anonymous_21)
FN:398,(anonymous_22)
FN:408,(anonymous_23)
FN:413,(anonymous_24)
FN:432,(anonymous_25)
FN:437,(anonymous_26)
FN:442,(anonymous_27)
FN:461,(anonymous_28)
FN:466,(anonymous_29)
FN:471,(anonymous_30)
FN:490,(anonymous_31)
FNF:32
FNH:21
FNDA:6,(anonymous_0)
FNDA:3,(anonymous_1)
FNDA:2,(anonymous_2)
FNDA:1,(anonymous_3)
FNDA:20,(anonymous_4)
FNDA:3,(anonymous_5)
FNDA:4,(anonymous_6)
FNDA:9,(anonymous_7)
FNDA:1,(anonymous_8)
FNDA:2,(anonymous_9)
FNDA:11,(anonymous_10)
FNDA:5,(anonymous_11)
FNDA:4,(anonymous_12)
FNDA:19,(anonymous_13)
FNDA:4,(anonymous_14)
FNDA:5,(anonymous_15)
FNDA:0,(anonymous_16)
FNDA:3,(anonymous_17)
FNDA:3,(anonymous_18)
FNDA:0,(anonymous_19)
FNDA:2,(anonymous_20)
FNDA:4,(anonymous_21)
FNDA:0,(anonymous_22)
FNDA:0,(anonymous_23)
FNDA:1,(anonymous_24)
FNDA:0,(anonymous_25)
FNDA:0,(anonymous_26)
FNDA:0,(anonymous_27)
FNDA:0,(anonymous_28)
FNDA:0,(anonymous_29)
FNDA:0,(anonymous_30)
FNDA:0,(anonymous_31)
DA:19,1
DA:20,1
DA:21,1
DA:22,1
DA:23,1
DA:24,1
DA:25,1
DA:27,1
DA:28,1
DA:29,1
DA:30,1
DA:33,1
DA:34,1
DA:35,1
DA:36,1
DA:43,1
DA:55,6
DA:57,6
DA:75,1
DA:76,3
DA:112,3
DA:113,3
DA:121,3
DA:123,3
DA:126,1
DA:127,1
DA:128,1
DA:129,1
DA:130,1
DA:159,2
DA:160,2
DA:162,0
DA:165,1
DA:166,2
DA:167,1
DA:168,1
DA:171,1
DA:181,1
DA:182,20
DA:183,18
DA:184,18
DA:185,0
DA:187,18
DA:188,1
DA:190,17
DA:191,0
DA:193,17
DA:194,0
DA:196,17
DA:197,12
DA:199,8
DA:206,8
DA:216,1
DA:217,3
DA:218,2
DA:219,2
DA:228,1
DA:229,4
DA:230,4
DA:231,4
DA:232,2
DA:242,1
DA:243,9
DA:244,4
DA:245,4
DA:255,1
DA:256,1
DA:257,1
DA:258,1
DA:268,1
DA:269,2
DA:270,2
DA:271,2
DA:272,1
DA:282,1
DA:283,11
DA:284,4
DA:285,4
DA:291,1
DA:292,5
DA:293,5
DA:299,1
DA:300,4
DA:301,4
DA:312,1
DA:313,19
DA:314,19
DA:315,19
DA:316,0
DA:318,19
DA:320,17
DA:327,17
DA:328,17
DA:331,1
DA:332,4
DA:333,4
DA:336,1
DA:337,5
DA:338,5
DA:341,1
DA:342,0
DA:343,0
DA:346,3
DA:348,1
DA:349,3
DA:350,3
DA:353,1
DA:354,0
DA:355,0
DA:361,1
DA:362,2
DA:363,2
DA:365,2
DA:366,0
DA:368,2
DA:369,0
DA:371,2
DA:372,2
DA:375,1
DA:376,1
DA:377,1
DA:379,1
DA:381,1
DA:384,1
DA:385,4
DA:386,4
DA:387,2
DA:398,1
DA:399,0
DA:400,0
DA:401,0
DA:403,0
DA:404,0
DA:408,1
DA:409,0
DA:410,0
DA:413,1
DA:414,1
DA:415,1
DA:416,1
DA:419,0
DA:421,0
DA:422,0
DA:423,0
DA:426,0
DA:428,0
DA:429,0
DA:432,1
DA:433,0
DA:434,0
DA:437,1
DA:438,0
DA:439,0
DA:442,1
DA:443,0
DA:444,0
DA:445,0
DA:448,0
DA:450,0
DA:451,0
DA:452,0
DA:455,0
DA:457,0
DA:458,0
DA:461,1
DA:462,0
DA:463,0
DA:466,1
DA:467,0
DA:468,0
DA:471,1
DA:472,0
DA:473,0
DA:474,0
DA:477,0
DA:479,0
DA:480,0
DA:481,0
DA:484,0
DA:486,0
DA:487,0
DA:490,1
DA:491,0
DA:492,0
LF:184
LH:129
BRDA:159,0,0,2
BRDA:159,0,1,0
BRDA:165,1,0,1
BRDA:165,1,1,0
BRDA:165,2,0,1
BRDA:165,2,1,1
BRDA:184,3,0,0
BRDA:184,3,1,18
BRDA:187,4,0,1
BRDA:187,4,1,17
BRDA:190,5,0,0
BRDA:190,5,1,17
BRDA:193,6,0,0
BRDA:193,6,1,17
BRDA:231,7,0,2
BRDA:231,7,1,2
BRDA:271,8,0,1
BRDA:271,8,1,1
BRDA:315,9,0,0
BRDA:315,9,1,19
BRDA:365,10,0,0
BRDA:365,10,1,2
BRDA:365,11,0,2
BRDA:365,11,1,2
BRDA:368,12,0,0
BRDA:368,12,1,2
BRDA:368,13,0,2
BRDA:368,13,1,2
BRDA:371,14,0,2
BRDA:371,14,1,0
BRDA:371,15,0,2
BRDA:371,15,1,2
BRDA:376,16,0,1
BRDA:376,16,1,0
BRDA:400,17,0,0
BRDA:400,17,1,0
BRDA:403,18,0,0
BRDA:403,18,1,0
BRDA:414,19,0,1
BRDA:414,19,1,0
BRDA:415,20,0,1
BRDA:415,20,1,0
BRDA:421,21,0,0
BRDA:421,21,1,0
BRDA:422,22,0,0
BRDA:422,22,1,0
BRDA:443,23,0,0
BRDA:443,23,1,0
BRDA:444,24,0,0
BRDA:444,24,1,0
BRDA:450,25,0,0
BRDA:450,25,1,0
BRDA:451,26,0,0
BRDA:451,26,1,0
BRDA:472,27,0,0
BRDA:472,27,1,0
BRDA:473,28,0,0
BRDA:473,28,1,0
BRDA:479,29,0,0
BRDA:479,29,1,0
BRDA:480,30,0,0
BRDA:480,30,1,0
BRF:62
BRH:26
end_of_record
TN:
SF:src/service/DfspOutboundService.js
FN:28,(anonymous_0)
FN:53,(anonymous_1)
FN:58,(anonymous_2)
FN:58,(anonymous_3)
FN:68,(anonymous_4)
FN:84,(anonymous_5)
FN:136,(anonymous_6)
FNF:7
FNH:7
FNDA:3,(anonymous_0)
FNDA:6,(anonymous_1)
FNDA:6,(anonymous_2)
FNDA:4,(anonymous_3)
FNDA:2,(anonymous_4)
FNDA:1,(anonymous_5)
FNDA:2,(anonymous_6)
DA:19,1
DA:20,1
DA:21,1
DA:22,1
DA:28,1
DA:29,3
DA:31,3
DA:33,3
DA:34,3
DA:36,3
DA:44,3
DA:45,3
DA:46,3
DA:47,3
DA:53,1
DA:54,6
DA:55,6
DA:56,6
DA:57,6
DA:58,6
DA:68,1
DA:69,2
DA:70,2
DA:71,2
DA:72,2
DA:73,2
DA:84,1
DA:85,1
DA:86,1
DA:88,1
DA:89,1
DA:90,1
DA:92,0
DA:95,1
DA:96,1
DA:98,1
DA:100,1
DA:107,1
DA:109,1
DA:118,1
DA:119,1
DA:120,1
DA:136,1
DA:137,2
DA:139,2
DA:140,2
DA:141,2
DA:143,2
DA:145,2
DA:152,2
DA:154,2
DA:160,2
DA:161,2
DA:162,2
LF:54
LH:53
BRDA:58,0,0,4
BRDA:58,0,1,2
BRF:2
BRH:2
end_of_record
TN:
SF:src/service/HubCAService.js
FN:23,(anonymous_0)
FN:33,(anonymous_1)
FN:54,(anonymous_2)
FN:83,(anonymous_3)
FN:93,(anonymous_4)
FN:98,(anonymous_5)
FNF:6
FNH:5
FNDA:1,(anonymous_0)
FNDA:18,(anonymous_1)
FNDA:1,(anonymous_2)
FNDA:2,(anonymous_3)
FNDA:0,(anonymous_4)
FNDA:2,(anonymous_5)
DA:19,1
DA:20,1
DA:21,1
DA:23,1
DA:24,1
DA:33,1
DA:34,18
DA:36,18
DA:37,15
DA:39,15
DA:45,15
DA:47,15
DA:48,0
DA:51,15
DA:54,1
DA:55,1
DA:57,1
DA:58,1
DA:59,1
DA:60,1
DA:61,0
DA:64,1
DA:66,1
DA:72,1
DA:73,1
DA:74,1
DA:77,1
DA:78,0
DA:80,1
DA:83,1
DA:84,2
DA:85,2
DA:86,2
DA:93,1
DA:94,0
DA:95,0
DA:98,1
DA:99,2
DA:100,2
DA:101,2
LF:40
LH:35
BRDA:27,0,0,1
BRDA:27,0,1,1
BRDA:47,1,0,0
BRDA:47,1,1,15
BRDA:57,2,0,1
BRDA:57,2,1,0
BRDA:58,3,0,1
BRDA:58,3,1,1
BRDA:60,4,0,0
BRDA:60,4,1,1
BRDA:72,5,0,1
BRDA:72,5,1,0
BRDA:77,6,0,0
BRDA:77,6,1,1
BRF:14
BRH:9
end_of_record
TN:
SF:src/service/JWSCertsService.js
FN:26,(anonymous_0)
FN:47,(anonymous_1)
FN:54,(anonymous_2)
FN:55,(anonymous_3)
FN:85,(anonymous_4)
FN:87,(anonymous_5)
FN:104,(anonymous_6)
FN:111,(anonymous_7)
FN:115,(anonymous_8)
FN:122,(anonymous_9)
FNF:10
FNH:10
FNDA:4,(anonymous_0)
FNDA:2,(anonymous_1)
FNDA:68,(anonymous_2)
FNDA:4,(anonymous_3)
FNDA:1,(anonymous_4)
FNDA:1,(anonymous_5)
FNDA:2,(anonymous_6)
FNDA:1,(anonymous_7)
FNDA:2,(anonymous_8)
FNDA:5,(anonymous_9)
DA:19,1
DA:20,1
DA:21,1
DA:22,1
DA:23,1
DA:24,1
DA:26,1
DA:27,4
DA:28,0
DA:31,4
DA:33,4
DA:34,4
DA:35,4
DA:42,4
DA:43,4
DA:44,4
DA:47,1
DA:48,2
DA:49,0
DA:53,2
DA:54,68
DA:55,4
DA:57,2
DA:58,2
DA:59,2
DA:60,4
DA:61,4
DA:62,4
DA:63,4
DA:70,4
DA:71,4
DA:72,2
DA:77,2
DA:79,4
DA:82,2
DA:85,1
DA:86,1
DA:88,1
DA:89,1
DA:90,0
DA:93,1
DA:94,1
DA:95,1
DA:101,1
DA:104,1
DA:105,2
DA:106,2
DA:107,2
DA:108,2
DA:111,1
DA:112,1
DA:115,1
DA:116,2
DA:117,2
DA:118,2
DA:119,2
DA:122,1
DA:123,5
DA:124,5
LF:59
LH:56
BRDA:27,0,0,0
BRDA:27,0,1,4
BRDA:27,1,0,4
BRDA:27,1,1,4
BRDA:48,2,0,0
BRDA:48,2,1,2
BRDA:48,3,0,2
BRDA:48,3,1,2
BRDA:48,3,2,2
BRDA:48,3,3,2
BRDA:66,4,0,4
BRDA:66,4,1,0
BRDA:71,5,0,2
BRDA:71,5,1,2
BRDA:89,6,0,1
BRDA:89,6,1,0
BRDA:93,7,0,1
BRDA:93,7,1,0
BRF:18
BRH:13
end_of_record
TN:
SF:src/service/LoginService.js
FN:36,(anonymous_0)
FN:87,(anonymous_1)
FN:94,(anonymous_2)
FN:118,(anonymous_3)
FN:156,(anonymous_4)
FN:165,(anonymous_5)
FN:190,(anonymous_6)
FNF:7
FNH:5
FNDA:4,(anonymous_0)
FNDA:1,(anonymous_1)
FNDA:1,(anonymous_2)
FNDA:0,(anonymous_3)
FNDA:0,(anonymous_4)
FNDA:4,(anonymous_5)
FNDA:2,(anonymous_6)
DA:20,1
DA:21,1
DA:22,1
DA:23,1
DA:24,1
DA:25,1
DA:26,1
DA:27,1
DA:29,1
DA:30,1
DA:36,1
DA:37,4
DA:39,4
DA:40,1
DA:60,3
DA:61,3
DA:64,2
DA:66,2
DA:67,1
DA:69,1
DA:70,1
DA:72,0
DA:76,1
DA:78,2
DA:79,2
DA:80,0
DA:82,2
DA:87,1
DA:88,1
DA:94,1
DA:97,1
DA:98,0
DA:104,1
DA:105,0
DA:106,0
DA:115,0
DA:118,1
DA:120,0
DA:121,0
DA:122,0
DA:125,0
DA:126,0
DA:127,0
DA:128,0
DA:129,0
DA:131,0
DA:132,0
DA:133,0
DA:137,0
DA:138,0
DA:140,0
DA:141,0
DA:142,0
DA:143,0
DA:145,0
DA:156,1
DA:157,0
DA:158,0
DA:165,1
DA:166,4
DA:167,1
DA:170,3
DA:171,3
DA:173,2
DA:175,2
DA:177,2
DA:178,1
DA:180,1
DA:183,0
DA:185,3
DA:186,3
DA:190,1
DA:191,2
LF:73
LH:46
BRDA:39,0,0,1
BRDA:39,0,1,3
BRDA:66,1,0,1
BRDA:66,1,1,1
BRDA:69,2,0,1
BRDA:69,2,1,0
BRDA:79,3,0,0
BRDA:79,3,1,2
BRDA:79,4,0,2
BRDA:79,4,1,2
BRDA:79,4,2,0
BRDA:97,5,0,0
BRDA:97,5,1,1
BRDA:121,6,0,0
BRDA:121,6,1,0
BRDA:128,7,0,0
BRDA:128,7,1,0
BRDA:128,8,0,0
BRDA:128,8,1,0
BRDA:166,9,0,1
BRDA:166,9,1,3
BRDA:178,10,0,1
BRDA:178,10,1,0
BRF:23
BRH:12
end_of_record
TN:
SF:src/service/MonetaryZoneService.js
FN:20,(anonymous_0)
FNF:1
FNH:1
FNDA:1,(anonymous_0)
DA:18,1
DA:20,1
LF:2
LH:2
BRF:0
BRH:0
end_of_record
TN:
SF:src/service/PkiService.js
FN:35,(anonymous_0)
FN:57,(anonymous_1)
FN:74,(anonymous_2)
FN:76,(anonymous_3)
FN:82,(anonymous_4)
FN:90,(anonymous_5)
FN:105,(anonymous_6)
FN:123,(anonymous_7)
FN:124,(anonymous_8)
FN:133,(anonymous_9)
FN:147,(anonymous_10)
FN:169,(anonymous_11)
FN:171,(anonymous_12)
FN:174,(anonymous_13)
FN:193,(anonymous_14)
FN:206,(anonymous_15)
FNF:16
FNH:12
FNDA:75,(anonymous_0)
FNDA:2,(anonymous_1)
FNDA:2,(anonymous_2)
FNDA:68,(anonymous_3)
FNDA:178,(anonymous_4)
FNDA:182,(anonymous_5)
FNDA:0,(anonymous_6)
FNDA:5,(anonymous_7)
FNDA:4,(anonymous_8)
FNDA:62,(anonymous_9)
FNDA:5,(anonymous_10)
FNDA:0,(anonymous_11)
FNDA:0,(anonymous_12)
FNDA:3,(anonymous_13)
FNDA:0,(anonymous_14)
FNDA:246,(anonymous_15)
DA:19,1
DA:20,1
DA:21,1
DA:22,1
DA:24,1
DA:25,1
DA:26,1
DA:35,1
DA:36,75
DA:37,75
DA:39,75
DA:47,75
DA:48,75
DA:49,63
DA:50,63
DA:52,12
DA:53,12
DA:57,1
DA:58,2
DA:60,2
DA:61,2
DA:62,2
DA:64,0
DA:65,0
DA:74,1
DA:75,2
DA:76,68
DA:82,178
DA:90,1
DA:91,182
DA:92,0
DA:94,182
DA:95,182
DA:96,178
DA:98,4
DA:99,4
DA:101,0
DA:105,1
DA:106,0
DA:107,0
DA:110,0
DA:117,0
DA:123,1
DA:124,5
DA:133,1
DA:134,62
DA:135,61
DA:136,61
DA:137,61
DA:138,61
DA:147,1
DA:148,5
DA:150,5
DA:151,5
DA:153,5
DA:154,5
DA:156,5
DA:163,5
DA:164,5
DA:166,5
DA:169,1
DA:170,0
DA:171,0
DA:174,1
DA:175,3
DA:176,3
DA:177,3
DA:178,3
DA:179,3
DA:181,2
DA:182,2
DA:189,0
DA:193,1
DA:194,0
DA:195,0
DA:196,0
DA:197,0
DA:206,1
DA:207,246
LF:79
LH:64
BRDA:37,0,0,74
BRDA:37,0,1,1
BRDA:42,1,0,3
BRDA:42,1,1,72
BRDA:44,2,0,75
BRDA:44,2,1,75
BRDA:91,3,0,0
BRDA:91,3,1,182
BRDA:91,4,0,182
BRDA:91,4,1,182
BRDA:98,5,0,4
BRDA:98,5,1,0
BRDA:106,6,0,0
BRDA:106,6,1,0
BRDA:106,7,0,0
BRDA:106,7,1,0
BRDA:124,8,0,5
BRDA:124,8,1,1
BRDA:150,9,0,5
BRDA:150,9,1,1
BRDA:151,10,0,5
BRDA:151,10,1,3
BRDA:181,11,0,2
BRDA:181,11,1,0
BRDA:210,12,0,0
BRDA:210,12,1,246
BRF:26
BRH:18
end_of_record
TN:
SF:src/service/ServerCertsService.js
FN:24,(anonymous_0)
FN:44,(anonymous_1)
FN:48,(anonymous_2)
FN:55,(anonymous_3)
FN:62,(anonymous_4)
FN:65,(anonymous_5)
FN:71,(anonymous_6)
FN:96,(anonymous_7)
FN:101,(anonymous_8)
FN:110,(anonymous_9)
FNF:10
FNH:8
FNDA:4,(anonymous_0)
FNDA:1,(anonymous_1)
FNDA:1,(anonymous_2)
FNDA:1,(anonymous_3)
FNDA:0,(anonymous_4)
FNDA:0,(anonymous_5)
FNDA:2,(anonymous_6)
FNDA:1,(anonymous_7)
FNDA:1,(anonymous_8)
FNDA:4,(anonymous_9)
DA:19,1
DA:20,1
DA:21,1
DA:22,1
DA:24,1
DA:25,4
DA:26,0
DA:28,4
DA:29,4
DA:30,4
DA:32,4
DA:39,4
DA:40,4
DA:41,4
DA:44,1
DA:45,1
DA:48,1
DA:49,1
DA:50,1
DA:51,1
DA:52,1
DA:55,1
DA:56,1
DA:57,1
DA:58,1
DA:59,1
DA:62,1
DA:63,0
DA:64,0
DA:65,0
DA:71,1
DA:72,2
DA:73,2
DA:74,2
DA:75,2
DA:76,2
DA:77,2
DA:78,0
DA:79,0
DA:81,2
DA:82,2
DA:83,2
DA:85,2
DA:86,2
DA:92,2
DA:93,2
DA:96,1
DA:97,1
DA:98,1
DA:101,1
DA:102,1
DA:103,1
DA:104,1
DA:105,1
DA:106,1
DA:110,1
DA:111,4
LF:57
LH:51
BRDA:25,0,0,0
BRDA:25,0,1,4
BRDA:25,1,0,4
BRDA:25,1,1,4
BRDA:77,2,0,0
BRDA:77,2,1,2
BRDA:104,3,0,1
BRDA:104,3,1,0
BRDA:113,4,0,4
BRDA:113,4,1,1
BRDA:117,5,0,4
BRDA:117,5,1,4
BRF:12
BRH:9
end_of_record
TN:
SF:src/service/Wso2Client.js
FN:24,(anonymous_0)
FN:56,(anonymous_1)
FNF:2
FNH:2
FNDA:2,(anonymous_0)
FNDA:2,(anonymous_1)
DA:20,1
DA:21,1
DA:22,1
DA:24,1
DA:25,2
DA:32,2
DA:33,2
DA:34,2
DA:38,0
DA:39,0
DA:41,2
DA:42,0
DA:44,2
DA:56,1
DA:57,2
DA:58,2
DA:79,2
DA:80,2
DA:82,2
DA:83,0
DA:85,2
LF:21
LH:17
BRDA:41,0,0,0
BRDA:41,0,1,2
BRDA:41,1,0,2
BRDA:41,1,1,2
BRDA:41,1,2,0
BRDA:82,2,0,0
BRDA:82,2,1,2
BRDA:82,3,0,2
BRDA:82,3,1,2
BRDA:82,3,2,2
BRF:10
BRH:7
end_of_record
TN:
SF:src/service/Wso2ManagerServiceClient.js
FN:26,(anonymous_0)
FN:27,(anonymous_1)
FN:28,(anonymous_2)
FN:34,(anonymous_3)
FN:51,(anonymous_4)
FN:52,(anonymous_5)
FN:53,(anonymous_6)
FN:59,(anonymous_7)
FNF:8
FNH:8
FNDA:3,(anonymous_0)
FNDA:3,(anonymous_1)
FNDA:3,(anonymous_2)
FNDA:2,(anonymous_3)
FNDA:3,(anonymous_4)
FNDA:3,(anonymous_5)
FNDA:3,(anonymous_6)
FNDA:2,(anonymous_7)
DA:18,1
DA:19,1
DA:20,1
DA:21,1
DA:26,1
DA:27,3
DA:28,3
DA:29,3
DA:30,1
DA:32,2
DA:33,2
DA:34,2
DA:35,2
DA:36,1
DA:38,1
DA:39,1
DA:40,1
DA:42,1
DA:51,1
DA:52,3
DA:53,3
DA:54,3
DA:55,1
DA:57,2
DA:58,2
DA:59,2
DA:60,2
DA:61,1
DA:63,1
LF:29
LH:29
BRDA:29,0,0,1
BRDA:29,0,1,2
BRDA:35,1,0,1
BRDA:35,1,1,1
BRDA:39,2,0,1
BRDA:39,2,1,0
BRDA:54,3,0,1
BRDA:54,3,1,2
BRDA:60,4,0,1
BRDA:60,4,1,1
BRF:10
BRH:9
end_of_record
TN:
SF:src/service/Wso2TotpClient.js
FN:25,(anonymous_0)
FN:44,(anonymous_1)
FN:55,(anonymous_2)
FN:75,(anonymous_3)
FNF:4
FNH:4
FNDA:4,(anonymous_0)
FNDA:2,(anonymous_1)
FNDA:3,(anonymous_2)
FNDA:3,(anonymous_3)
DA:20,1
DA:21,1
DA:22,1
DA:23,1
DA:25,1
DA:26,4
DA:27,4
DA:41,4
DA:42,4
DA:44,2
DA:45,2
DA:46,1
DA:48,1
DA:50,3
DA:51,3
DA:55,1
DA:56,3
DA:57,3
DA:73,3
DA:74,3
DA:75,3
DA:76,3
DA:77,2
DA:78,2
DA:79,2
DA:80,1
DA:83,2
DA:84,2
LF:28
LH:28
BRDA:45,0,0,1
BRDA:45,0,1,1
BRDA:76,1,0,1
BRDA:76,1,1,2
BRDA:79,2,0,1
BRDA:79,2,1,1
BRDA:79,3,0,2
BRDA:79,3,1,2
BRF:8
BRH:8
end_of_record
TN:
SF:src/utils/formatValidator.js
FN:24,(anonymous_0)
FN:28,(anonymous_1)
FN:40,(anonymous_2)
FN:46,(anonymous_3)
FN:52,(anonymous_4)
FN:62,(anonymous_5)
FN:63,(anonymous_6)
FN:66,(anonymous_7)
FNF:8
FNH:8
FNDA:17,(anonymous_0)
FNDA:21,(anonymous_1)
FNDA:17,(anonymous_2)
FNDA:21,(anonymous_3)
FNDA:24,(anonymous_4)
FNDA:12,(anonymous_5)
FNDA:19,(anonymous_6)
FNDA:10,(anonymous_7)
DA:18,1
DA:19,1
DA:24,1
DA:25,17
DA:28,1
DA:29,21
DA:30,21
DA:31,19
DA:32,1
DA:34,18
DA:36,2
DA:40,1
DA:41,17
DA:42,5
DA:46,1
DA:47,21
DA:48,3
DA:52,1
DA:53,24
DA:54,2
DA:56,22
DA:57,22
DA:58,2
DA:62,1
DA:63,12
DA:64,19
DA:65,5
DA:66,5
DA:67,10
DA:70,14
DA:73,8
LF:31
LH:31
BRDA:31,0,0,1
BRDA:31,0,1,18
BRDA:31,1,0,19
BRDA:31,1,1,1
BRDA:41,2,0,5
BRDA:41,2,1,12
BRDA:47,3,0,3
BRDA:47,3,1,18
BRDA:53,4,0,2
BRDA:53,4,1,22
BRDA:57,5,0,2
BRDA:57,5,1,20
BRDA:57,6,0,22
BRDA:57,6,1,20
BRDA:64,7,0,5
BRDA:64,7,1,14
BRF:16
BRH:16
end_of_record
